c:\users\marcus\documents\skola\datorgrafik\height-field-water-simulation\height-field-fluid-simulation\release\vc142.pdb
c:\users\marcus\documents\skola\datorgrafik\height-field-water-simulation\height-field-fluid-simulation\release\world_generator.obj
c:\users\marcus\documents\skola\datorgrafik\height-field-water-simulation\height-field-fluid-simulation\release\world.obj
c:\users\marcus\documents\skola\datorgrafik\height-field-water-simulation\height-field-fluid-simulation\release\watermass.obj
c:\users\marcus\documents\skola\datorgrafik\height-field-water-simulation\height-field-fluid-simulation\release\terrain.obj
c:\users\marcus\documents\skola\datorgrafik\height-field-water-simulation\height-field-fluid-simulation\release\height_grid.obj
c:\users\marcus\documents\skola\datorgrafik\height-field-water-simulation\height-field-fluid-simulation\release\main.obj
c:\users\marcus\documents\skola\datorgrafik\height-field-water-simulation\height-field-fluid-simulation\release\display.obj
c:\users\marcus\documents\skola\datorgrafik\height-field-water-simulation\height-field-fluid-simulation\release\water_source.obj
c:\users\marcus\documents\skola\datorgrafik\height-field-water-simulation\height-field-fluid-simulation\release\cameracontrol.obj
c:\users\marcus\documents\skola\datorgrafik\height-field-water-simulation\height-field-fluid-simulation\release\microglut.obj
c:\users\marcus\documents\skola\datorgrafik\height-field-water-simulation\height-field-fluid-simulation\release\glew.obj
c:\users\marcus\documents\skola\datorgrafik\height-field-water-simulation\height-field-fluid-simulation\release\loadtga.obj
c:\users\marcus\documents\skola\datorgrafik\height-field-water-simulation\height-field-fluid-simulation\release\loadobj.obj
c:\users\marcus\documents\skola\datorgrafik\height-field-water-simulation\height-field-fluid-simulation\release\gl_utilities.obj
c:\users\marcus\documents\skola\datorgrafik\height-field-water-simulation\height-field-fluid-simulation\release\vectorutils3.obj
c:\users\marcus\documents\skola\datorgrafik\height-field-water-simulation\height-field-fluid-simulation\release\height-field-water-simulation.ipdb
c:\users\marcus\documents\skola\datorgrafik\height-field-water-simulation\height-field-fluid-simulation\release\height-field-water-simulation.iobj
c:\users\marcus\documents\skola\datorgrafik\height-field-water-simulation\height-field-fluid-simulation\release\height-field-water-simulation.exe
c:\users\marcus\documents\skola\datorgrafik\height-field-water-simulation\height-field-fluid-simulation\release\height-field-water-simulation.pdb
c:\users\marcus\documents\skola\datorgrafik\height-field-water-simulation\height-field-fluid-simulation\release\height-f.492a4fa5.tlog\cl.command.1.tlog
c:\users\marcus\documents\skola\datorgrafik\height-field-water-simulation\height-field-fluid-simulation\release\height-f.492a4fa5.tlog\cl.read.1.tlog
c:\users\marcus\documents\skola\datorgrafik\height-field-water-simulation\height-field-fluid-simulation\release\height-f.492a4fa5.tlog\cl.write.1.tlog
c:\users\marcus\documents\skola\datorgrafik\height-field-water-simulation\height-field-fluid-simulation\release\height-f.492a4fa5.tlog\height-field-water-simulation.write.1u.tlog
c:\users\marcus\documents\skola\datorgrafik\height-field-water-simulation\height-field-fluid-simulation\release\height-f.492a4fa5.tlog\link.command.1.tlog
c:\users\marcus\documents\skola\datorgrafik\height-field-water-simulation\height-field-fluid-simulation\release\height-f.492a4fa5.tlog\link.delete.1.tlog
c:\users\marcus\documents\skola\datorgrafik\height-field-water-simulation\height-field-fluid-simulation\release\height-f.492a4fa5.tlog\link.read.1.tlog
c:\users\marcus\documents\skola\datorgrafik\height-field-water-simulation\height-field-fluid-simulation\release\height-f.492a4fa5.tlog\link.write.1.tlog
